Express started on http://localhost:3000 press Ctrl-C to terminate.
redis ready
------------数据库初始化成功------------
褚梦
------------集合初始化完毕------------
------------集合初始化完毕------------
Express started on http://localhost:3000 press Ctrl-C to terminate.
redis ready
------------数据库初始化成功------------
褚梦
------------集合初始化完毕------------
------------集合初始化完毕------------
Express started on http://localhost:3000 press Ctrl-C to terminate.
redis ready
------------数据库初始化成功------------
褚梦
------------集合初始化完毕------------
------------集合初始化完毕------------
Express started on http://localhost:3000 press Ctrl-C to terminate.
redis ready
------------数据库初始化成功------------
褚梦
------------集合初始化完毕------------
------------集合初始化完毕------------
Express started on http://localhost:3000 press Ctrl-C to terminate.
redis ready
------------数据库初始化成功------------
褚梦
------------集合初始化完毕------------
------------集合初始化完毕------------
Express started on http://localhost:3000 press Ctrl-C to terminate.
redis ready
------------数据库初始化成功------------
褚梦
------------集合初始化完毕------------
------------集合初始化完毕------------
Express started on http://localhost:3000 press Ctrl-C to terminate.
redis ready
------------数据库初始化成功------------
褚梦
------------集合初始化完毕------------
------------集合初始化完毕------------
Express started on http://localhost:3000 press Ctrl-C to terminate.
redis ready
------------数据库初始化成功------------
褚梦
------------集合初始化完毕------------
------------集合初始化完毕------------
Express started on http://localhost:3000 press Ctrl-C to terminate.
redis ready
------------数据库初始化成功------------
褚梦
------------集合初始化完毕------------
------------集合初始化完毕------------
Express started on http://localhost:3000 press Ctrl-C to terminate.
redis ready
------------数据库初始化成功------------
褚梦
------------集合初始化完毕------------
------------集合初始化完毕------------
Express started on http://localhost:3000 press Ctrl-C to terminate.
redis ready
------------数据库初始化成功------------
褚梦
Express started on http://localhost:3000 press Ctrl-C to terminate.
redis ready
------------数据库初始化成功------------
褚梦
Express started on http://localhost:3000 press Ctrl-C to terminate.
redis ready
------------数据库初始化成功------------
褚梦
------------集合初始化完毕------------
------------集合初始化完毕------------
Express started on http://localhost:3000 press Ctrl-C to terminate.
redis ready
------------数据库初始化成功------------
褚梦
------------集合初始化完毕------------
------------集合初始化完毕------------
Express started on http://localhost:3000 press Ctrl-C to terminate.
redis ready
------------数据库初始化成功------------
褚梦
------------集合初始化完毕------------
------------集合初始化完毕------------
